<?xml version="1.0" encoding="UTF-8"?>
<!-- Generated by org.testng.reporters.JUnitXMLReporter -->
<testsuite hostname="mahi-PC" ignored="2" name="Default test" tests="1" failures="0" timestamp="2023-07-06T20:41:06 IST" time="13.21" errors="0">
  <testcase name="createUser" time="12.132" classname="com.restfulbooker.apitest.businessLogics.APITest"/>
  <testcase name="Deposit" time="0.0" classname="com.restfulbooker.apitest.businessLogics.APITest">
    <ignored/>
  </testcase> <!-- Deposit -->
  <testcase name="Get_Balance" time="0.0" classname="com.restfulbooker.apitest.businessLogics.APITest">
    <ignored/>
  </testcase> <!-- Get_Balance -->
</testsuite> <!-- Default test -->
